This is pdfTeX, Version 3.14159265-2.6-1.40.15 (TeX Live 2014/Arch Linux) (preloaded format=pdflatex 2014.12.28)  3 FEB 2015 08:11
entering extended mode
 restricted \write18 enabled.
 %&-line parsing enabled.
**modernsgeneral.tex
(./modernsgeneral.tex
LaTeX2e <2014/05/01>
Babel <3.9k> and hyphenation patterns for 79 languages loaded.
(/usr/share/texmf-dist/tex/latex/base/article.cls
Document Class: article 2007/10/19 v1.4h Standard LaTeX document class
(/usr/share/texmf-dist/tex/latex/base/size10.clo
File: size10.clo 2007/10/19 v1.4h Standard LaTeX file (size option)
)
\c@part=\count79
\c@section=\count80
\c@subsection=\count81
\c@subsubsection=\count82
\c@paragraph=\count83
\c@subparagraph=\count84
\c@figure=\count85
\c@table=\count86
\abovecaptionskip=\skip41
\belowcaptionskip=\skip42
\bibindent=\dimen102
)
No file modernsgeneral.aux.
\openout1 = `modernsgeneral.aux'.

LaTeX Font Info:    Checking defaults for OML/cmm/m/it on input line 20.
LaTeX Font Info:    ... okay on input line 20.
LaTeX Font Info:    Checking defaults for T1/cmr/m/n on input line 20.
LaTeX Font Info:    ... okay on input line 20.
LaTeX Font Info:    Checking defaults for OT1/cmr/m/n on input line 20.
LaTeX Font Info:    ... okay on input line 20.
LaTeX Font Info:    Checking defaults for OMS/cmsy/m/n on input line 20.
LaTeX Font Info:    ... okay on input line 20.
LaTeX Font Info:    Checking defaults for OMX/cmex/m/n on input line 20.
LaTeX Font Info:    ... okay on input line 20.
LaTeX Font Info:    Checking defaults for U/cmr/m/n on input line 20.
LaTeX Font Info:    ... okay on input line 20.
LaTeX Font Info:    Try loading font information for OMS+cmr on input line 23.
(/usr/share/texmf-dist/tex/latex/base/omscmr.fd
File: omscmr.fd 1999/05/25 v2.5h Standard LaTeX font definitions
)
LaTeX Font Info:    Font shape `OMS/cmr/m/n' in size <10> not available
(Font)              Font shape `OMS/cmsy/m/n' tried instead on input line 23.
LaTeX Font Info:    External font `cmex10' loaded for size
(Font)              <7> on input line 51.
LaTeX Font Info:    External font `cmex10' loaded for size
(Font)              <5> on input line 51.
 [1

{/var/lib/texmf/fonts/map/pdftex/updmap/pdftex.map}] [2] (./modernsgeneral.aux)
 ) 
Here is how much of TeX's memory you used:
 225 strings out of 493108
 2527 string characters out of 6140724
 56957 words of memory out of 5000000
 3771 multiletter control sequences out of 15000+600000
 4553 words of font info for 17 fonts, out of 8000000 for 9000
 1141 hyphenation exceptions out of 8191
 23i,4n,19p,160b,173s stack positions out of 5000i,500n,10000p,200000b,80000s
</usr/share/texmf-dist/fonts/type1/public/amsfonts/cm/cmbx10.pfb></usr/share/
texmf-dist/fonts/type1/public/amsfonts/cm/cmbx12.pfb></usr/share/texmf-dist/fon
ts/type1/public/amsfonts/cm/cmr10.pfb></usr/share/texmf-dist/fonts/type1/public
/amsfonts/cm/cmsy10.pfb>
Output written on modernsgeneral.pdf (2 pages, 59792 bytes).
PDF statistics:
 27 PDF objects out of 1000 (max. 8388607)
 18 compressed objects within 1 object stream
 0 named destinations out of 1000 (max. 500000)
 1 words of extra memory for PDF output out of 10000 (max. 10000000)

